2022-04-26 10:26:38.832  INFO 18332 --- [main] c.e.m.MusicPlayListAppApplicationTests   : Starting MusicPlayListAppApplicationTests using Java 17.0.2 on XPXAAD-PF22C4N0 with PID 18332 (started by DavidToribio in C:\Users\DavidToribio\git\MusicplaylistAppSpringBoot\MusicPlayListApp)
2022-04-26 10:26:38.843  INFO 18332 --- [main] c.e.m.MusicPlayListAppApplicationTests   : No active profile set, falling back to 1 default profile: "default"
2022-04-26 10:26:40.311  INFO 18332 --- [main] .s.d.r.c.RepositoryConfigurationDelegate : Bootstrapping Spring Data JPA repositories in DEFAULT mode.
2022-04-26 10:26:40.437  INFO 18332 --- [main] .s.d.r.c.RepositoryConfigurationDelegate : Finished Spring Data repository scanning in 100 ms. Found 1 JPA repository interfaces.
2022-04-26 10:26:41.766  INFO 18332 --- [main] o.hibernate.jpa.internal.util.LogHelper  : HHH000204: Processing PersistenceUnitInfo [name: default]
2022-04-26 10:26:41.954  INFO 18332 --- [main] org.hibernate.Version                    : HHH000412: Hibernate ORM core version 5.6.8.Final
2022-04-26 10:26:42.448  INFO 18332 --- [main] o.hibernate.annotations.common.Version   : HCANN000001: Hibernate Commons Annotations {5.1.2.Final}
2022-04-26 10:26:42.878  INFO 18332 --- [main] com.zaxxer.hikari.HikariDataSource       : HikariPool-1 - Starting...
2022-04-26 10:26:42.890  WARN 18332 --- [main] com.zaxxer.hikari.util.DriverDataSource  : Registered driver with driverClassName=com.mysql.jdbc.Driver was not found, trying direct instantiation.
2022-04-26 10:26:43.745  INFO 18332 --- [main] com.zaxxer.hikari.HikariDataSource       : HikariPool-1 - Start completed.
2022-04-26 10:26:43.853  INFO 18332 --- [main] org.hibernate.dialect.Dialect            : HHH000400: Using dialect: org.hibernate.dialect.MySQL8Dialect
2022-04-26 10:26:45.502  INFO 18332 --- [main] o.h.e.t.j.p.i.JtaPlatformInitiator       : HHH000490: Using JtaPlatform implementation: [org.hibernate.engine.transaction.jta.platform.internal.NoJtaPlatform]
2022-04-26 10:26:45.518  INFO 18332 --- [main] j.LocalContainerEntityManagerFactoryBean : Initialized JPA EntityManagerFactory for persistence unit 'default'
2022-04-26 10:26:46.874  WARN 18332 --- [main] JpaBaseConfiguration$JpaWebConfiguration : spring.jpa.open-in-view is enabled by default. Therefore, database queries may be performed during view rendering. Explicitly configure spring.jpa.open-in-view to disable this warning
2022-04-26 10:26:48.435  INFO 18332 --- [main] c.e.m.MusicPlayListAppApplicationTests   : Started MusicPlayListAppApplicationTests in 10.488 seconds (JVM running for 12.731)
2022-04-26 10:26:49.219  INFO 18332 --- [SpringApplicationShutdownHook] j.LocalContainerEntityManagerFactoryBean : Closing JPA EntityManagerFactory for persistence unit 'default'
2022-04-26 10:26:49.227  INFO 18332 --- [SpringApplicationShutdownHook] com.zaxxer.hikari.HikariDataSource       : HikariPool-1 - Shutdown initiated...
2022-04-26 10:26:49.263  INFO 18332 --- [SpringApplicationShutdownHook] com.zaxxer.hikari.HikariDataSource       : HikariPool-1 - Shutdown completed.
2022-04-26 10:29:02.797  INFO 8456 --- [main] c.e.m.MusicPlayListAppApplicationTests   : Starting MusicPlayListAppApplicationTests using Java 17.0.2 on XPXAAD-PF22C4N0 with PID 8456 (started by DavidToribio in C:\Users\DavidToribio\git\MusicplaylistAppSpringBoot\MusicPlayListApp)
2022-04-26 10:29:02.813  INFO 8456 --- [main] c.e.m.MusicPlayListAppApplicationTests   : No active profile set, falling back to 1 default profile: "default"
2022-04-26 10:29:04.202  INFO 8456 --- [main] .s.d.r.c.RepositoryConfigurationDelegate : Bootstrapping Spring Data JPA repositories in DEFAULT mode.
2022-04-26 10:29:04.445  INFO 8456 --- [main] .s.d.r.c.RepositoryConfigurationDelegate : Finished Spring Data repository scanning in 209 ms. Found 1 JPA repository interfaces.
2022-04-26 10:29:06.023  INFO 8456 --- [main] o.hibernate.jpa.internal.util.LogHelper  : HHH000204: Processing PersistenceUnitInfo [name: default]
2022-04-26 10:29:06.178  INFO 8456 --- [main] org.hibernate.Version                    : HHH000412: Hibernate ORM core version 5.6.8.Final
2022-04-26 10:29:06.600  INFO 8456 --- [main] o.hibernate.annotations.common.Version   : HCANN000001: Hibernate Commons Annotations {5.1.2.Final}
2022-04-26 10:29:07.039  INFO 8456 --- [main] com.zaxxer.hikari.HikariDataSource       : HikariPool-1 - Starting...
2022-04-26 10:29:07.055  WARN 8456 --- [main] com.zaxxer.hikari.util.DriverDataSource  : Registered driver with driverClassName=com.mysql.jdbc.Driver was not found, trying direct instantiation.
2022-04-26 10:29:07.785  INFO 8456 --- [main] com.zaxxer.hikari.HikariDataSource       : HikariPool-1 - Start completed.
2022-04-26 10:29:07.854  INFO 8456 --- [main] org.hibernate.dialect.Dialect            : HHH000400: Using dialect: org.hibernate.dialect.MySQL8Dialect
2022-04-26 10:29:09.428  INFO 8456 --- [main] o.h.e.t.j.p.i.JtaPlatformInitiator       : HHH000490: Using JtaPlatform implementation: [org.hibernate.engine.transaction.jta.platform.internal.NoJtaPlatform]
2022-04-26 10:29:09.446  INFO 8456 --- [main] j.LocalContainerEntityManagerFactoryBean : Initialized JPA EntityManagerFactory for persistence unit 'default'
2022-04-26 10:29:10.681  WARN 8456 --- [main] JpaBaseConfiguration$JpaWebConfiguration : spring.jpa.open-in-view is enabled by default. Therefore, database queries may be performed during view rendering. Explicitly configure spring.jpa.open-in-view to disable this warning
2022-04-26 10:29:12.205  INFO 8456 --- [main] c.e.m.MusicPlayListAppApplicationTests   : Started MusicPlayListAppApplicationTests in 10.47 seconds (JVM running for 13.849)
2022-04-26 10:29:12.925  INFO 8456 --- [SpringApplicationShutdownHook] j.LocalContainerEntityManagerFactoryBean : Closing JPA EntityManagerFactory for persistence unit 'default'
2022-04-26 10:29:12.928  INFO 8456 --- [SpringApplicationShutdownHook] com.zaxxer.hikari.HikariDataSource       : HikariPool-1 - Shutdown initiated...
2022-04-26 10:29:12.947  INFO 8456 --- [SpringApplicationShutdownHook] com.zaxxer.hikari.HikariDataSource       : HikariPool-1 - Shutdown completed.
2022-04-26 10:53:45.339  INFO 6632 --- [main] c.e.m.MusicPlayListAppApplicationTests   : Starting MusicPlayListAppApplicationTests using Java 17.0.2 on XPXAAD-PF22C4N0 with PID 6632 (started by DavidToribio in C:\Users\DavidToribio\git\MusicplaylistAppSpringBoot\MusicPlayListApp)
2022-04-26 10:53:45.343  INFO 6632 --- [main] c.e.m.MusicPlayListAppApplicationTests   : No active profile set, falling back to 1 default profile: "default"
2022-04-26 10:53:47.128  INFO 6632 --- [main] .s.d.r.c.RepositoryConfigurationDelegate : Bootstrapping Spring Data JPA repositories in DEFAULT mode.
2022-04-26 10:53:47.286  INFO 6632 --- [main] .s.d.r.c.RepositoryConfigurationDelegate : Finished Spring Data repository scanning in 132 ms. Found 1 JPA repository interfaces.
2022-04-26 10:53:49.170  INFO 6632 --- [main] o.hibernate.jpa.internal.util.LogHelper  : HHH000204: Processing PersistenceUnitInfo [name: default]
2022-04-26 10:53:49.362  INFO 6632 --- [main] org.hibernate.Version                    : HHH000412: Hibernate ORM core version 5.6.8.Final
2022-04-26 10:53:49.771  INFO 6632 --- [main] o.hibernate.annotations.common.Version   : HCANN000001: Hibernate Commons Annotations {5.1.2.Final}
2022-04-26 10:53:50.229  INFO 6632 --- [main] com.zaxxer.hikari.HikariDataSource       : HikariPool-1 - Starting...
2022-04-26 10:53:50.239  WARN 6632 --- [main] com.zaxxer.hikari.util.DriverDataSource  : Registered driver with driverClassName=com.mysql.jdbc.Driver was not found, trying direct instantiation.
2022-04-26 10:53:51.323  INFO 6632 --- [main] com.zaxxer.hikari.HikariDataSource       : HikariPool-1 - Start completed.
2022-04-26 10:53:51.393  INFO 6632 --- [main] org.hibernate.dialect.Dialect            : HHH000400: Using dialect: org.hibernate.dialect.MySQL8Dialect
2022-04-26 10:53:53.110  INFO 6632 --- [main] o.h.e.t.j.p.i.JtaPlatformInitiator       : HHH000490: Using JtaPlatform implementation: [org.hibernate.engine.transaction.jta.platform.internal.NoJtaPlatform]
2022-04-26 10:53:53.129  INFO 6632 --- [main] j.LocalContainerEntityManagerFactoryBean : Initialized JPA EntityManagerFactory for persistence unit 'default'
2022-04-26 10:53:54.400  WARN 6632 --- [main] JpaBaseConfiguration$JpaWebConfiguration : spring.jpa.open-in-view is enabled by default. Therefore, database queries may be performed during view rendering. Explicitly configure spring.jpa.open-in-view to disable this warning
2022-04-26 10:53:56.078  INFO 6632 --- [main] c.e.m.MusicPlayListAppApplicationTests   : Started MusicPlayListAppApplicationTests in 11.566 seconds (JVM running for 14.303)
2022-04-26 10:53:56.827  INFO 6632 --- [SpringApplicationShutdownHook] j.LocalContainerEntityManagerFactoryBean : Closing JPA EntityManagerFactory for persistence unit 'default'
2022-04-26 10:53:56.830  INFO 6632 --- [SpringApplicationShutdownHook] com.zaxxer.hikari.HikariDataSource       : HikariPool-1 - Shutdown initiated...
2022-04-26 10:53:56.848  INFO 6632 --- [SpringApplicationShutdownHook] com.zaxxer.hikari.HikariDataSource       : HikariPool-1 - Shutdown completed.
